#
# There is insufficient memory for the Java Runtime Environment to continue.
# Native memory allocation (mmap) failed to map 536870912 bytes. Error detail: G1 virtual space
# Possible reasons:
#   The system is out of physical RAM or swap space
#   This process is running with CompressedOops enabled, and the Java Heap may be blocking the growth of the native heap
# Possible solutions:
#   Reduce memory load on the system
#   Increase physical memory or swap space
#   Check if swap backing store is full
#   Decrease Java heap size (-Xmx/-Xms)
#   Decrease number of Java threads
#   Decrease Java thread stack sizes (-Xss)
#   Set larger code cache with -XX:ReservedCodeCacheSize=
#   JVM is running with Zero Based Compressed Oops mode in which the Java heap is
#     placed in the first 32GB address space. The Java Heap base address is the
#     maximum limit for the native heap growth. Please use -XX:HeapBaseMinAddress
#     to set the Java Heap base and to place the Java Heap above 32GB virtual address.
# This output file may be truncated or incomplete.
#
#  Out of Memory Error (os_windows.cpp:3707), pid=48372, tid=51812
#
# JRE version:  (23.0.2+7) (build )
# Java VM: Java HotSpot(TM) 64-Bit Server VM (23.0.2+7-58, mixed mode, sharing, tiered, compressed oops, compressed class ptrs, g1 gc, windows-amd64)
# No core dump will be written. Minidumps are not enabled by default on client versions of Windows
#

---------------  S U M M A R Y ------------

Command Line: C:\Users\mcrae\AppData\Local\Temp\surefire13451233916059317109\surefirebooter-20250316160339532_3.jar C:\Users\mcrae\AppData\Local\Temp\surefire13451233916059317109 2025-03-16T16-03-39_400-jvmRun1 surefire-20250316160339532_1tmp surefire_0-20250316160339532_2tmp

Host: 11th Gen Intel(R) Core(TM) i7-11700K @ 3.60GHz, 16 cores, 31G,  Windows 11 , 64 bit Build 22621 (10.0.22621.4974)
Time: Sun Mar 16 16:03:39 2025 Mountain Daylight Time elapsed time: 0.011075 seconds (0d 0h 0m 0s)

---------------  T H R E A D  ---------------

Current thread (0x000001d1dc1d3d70):  JavaThread "Unknown thread" [_thread_in_vm, id=51812, stack(0x000000215e900000,0x000000215ea00000) (1024K)]

Stack: [0x000000215e900000,0x000000215ea00000]
Native frames: (J=compiled Java code, j=interpreted, Vv=VM code, C=native code)
V  [jvm.dll+0x6e0b99]  (no source info available)
V  [jvm.dll+0x87e2b3]  (no source info available)
V  [jvm.dll+0x88073e]  (no source info available)
V  [jvm.dll+0x880e13]  (no source info available)
V  [jvm.dll+0x27b006]  (no source info available)
V  [jvm.dll+0x6dd485]  (no source info available)
V  [jvm.dll+0x6d127a]  (no source info available)
V  [jvm.dll+0x35b50a]  (no source info available)
V  [jvm.dll+0x363916]  (no source info available)
V  [jvm.dll+0x34fe7e]  (no source info available)
V  [jvm.dll+0x350118]  (no source info available)
V  [jvm.dll+0x328aec]  (no source info available)
V  [jvm.dll+0x32978e]  (no source info available)
V  [jvm.dll+0x8449a5]  (no source info available)
V  [jvm.dll+0x3b9a08]  (no source info available)
V  [jvm.dll+0x82d68c]  (no source info available)
V  [jvm.dll+0x454f2e]  (no source info available)
V  [jvm.dll+0x456db1]  (no source info available)
C  [jli.dll+0x52a3]  (no source info available)
C  [ucrtbase.dll+0x29333]  (no source info available)
C  [KERNEL32.DLL+0x1259d]  (no source info available)
C  [ntdll.dll+0x5af38]  (no source info available)

Lock stack of current Java thread (top to bottom):


---------------  P R O C E S S  ---------------

Threads class SMR info:
_java_thread_list=0x00007ffdfe224618, length=0, elements={
}

Java Threads: ( => current thread )
Total: 0

Other Threads:
  0x000001d1de5d94c0 WorkerThread "GC Thread#0"                     [id=54328, stack(0x000000215ea00000,0x000000215eb00000) (1024K)]
  0x000001d1f85f2410 ConcurrentGCThread "G1 Main Marker"            [id=55408, stack(0x000000215eb00000,0x000000215ec00000) (1024K)]
  0x000001d1f85f2e30 WorkerThread "G1 Conc#0"                       [id=55380, stack(0x000000215ec00000,0x000000215ed00000) (1024K)]

[error occurred during error reporting (printing all threads), id 0xc0000005, EXCEPTION_ACCESS_VIOLATION (0xc0000005) at pc=0x00007ffdfd96c0da]
VM state: not at safepoint (not fully initialized)

VM Mutex/Monitor currently owned by a thread:  ([mutex/lock_event])
[0x00007ffdfe2a4988] Heap_lock - owner thread: 0x000001d1dc1d3d70

Heap address: 0x0000000602800000, size: 8152 MB, Compressed Oops mode: Zero based, Oop shift amount: 3

CDS archive(s) mapped at: [0x0000000000000000-0x0000000000000000-0x0000000000000000), size 0, SharedBaseAddress: 0x0000000800000000, ArchiveRelocationMode: 1.
Narrow klass base: 0x0000000000000000, Narrow klass shift: 0, Narrow klass range: 0x0

GC Precious Log:
 CardTable entry size: 512
 Card Set container configuration: InlinePtr #cards 4 size 8 Array Of Cards #cards 32 size 80 Howl #buckets 8 coarsen threshold 7372 Howl Bitmap #cards 1024 size 144 coarsen threshold 921 Card regions per heap region 1 cards per card region 8192

Heap:
 garbage-first heap   total reserved 8347648K, committed 0K, used 0K [0x0000000602800000, 0x0000000800000000)
  region size 4096K, 0 young (0K), 0 survivors (0K)

[error occurred during error reporting (printing heap information), id 0xc0000005, EXCEPTION_ACCESS_VIOLATION (0xc0000005) at pc=0x00007ffdfdd6c6a9]
GC Heap History (0 events):
No events

Dll operation events (1 events):
Event: 0.007 Loaded shared library C:\Program Files\Java\jdk-23\bin\java.dll

Deoptimization events (0 events):
No events

Classes loaded (0 events):
No events

Classes unloaded (0 events):
No events

Classes redefined (0 events):
No events

Internal exceptions (0 events):
No events

VM Operations (0 events):
No events

Memory protections (0 events):
No events

Nmethod flushes (0 events):
No events

Events (0 events):
No events


Dynamic libraries:
0x00007ff781dc0000 - 0x00007ff781dd0000 	C:\Program Files\Java\jdk-23\bin\java.exe
0x00007fff19a70000 - 0x00007fff19c87000 	C:\WINDOWS\SYSTEM32\ntdll.dll
0x00007fff17cb0000 - 0x00007fff17d74000 	C:\WINDOWS\System32\KERNEL32.DLL
0x00007fff16bb0000 - 0x00007fff16f81000 	C:\WINDOWS\System32\KERNELBASE.dll
0x00007fff170b0000 - 0x00007fff171c1000 	C:\WINDOWS\System32\ucrtbase.dll
0x00007ffebb460000 - 0x00007ffebb47b000 	C:\Program Files\Java\jdk-23\bin\VCRUNTIME140.dll
0x00007ffebb480000 - 0x00007ffebb497000 	C:\Program Files\Java\jdk-23\bin\jli.dll
0x00007fff17a90000 - 0x00007fff17c41000 	C:\WINDOWS\System32\USER32.dll
0x00007fff173c0000 - 0x00007fff173e6000 	C:\WINDOWS\System32\win32u.dll
0x00007ffef76d0000 - 0x00007ffef7962000 	C:\WINDOWS\WinSxS\amd64_microsoft.windows.common-controls_6595b64144ccf1df_6.0.22621.4830_none_270fe7d773858e80\COMCTL32.dll
0x00007fff19850000 - 0x00007fff19879000 	C:\WINDOWS\System32\GDI32.dll
0x00007fff198a0000 - 0x00007fff19947000 	C:\WINDOWS\System32\msvcrt.dll
0x00007fff16f90000 - 0x00007fff170ab000 	C:\WINDOWS\System32\gdi32full.dll
0x00007fff173f0000 - 0x00007fff1748a000 	C:\WINDOWS\System32\msvcp_win.dll
0x00007fff18da0000 - 0x00007fff18dd1000 	C:\WINDOWS\System32\IMM32.DLL
0x00007ffee9090000 - 0x00007ffee909c000 	C:\Program Files\Java\jdk-23\bin\vcruntime140_1.dll
0x00007ffe88850000 - 0x00007ffe888de000 	C:\Program Files\Java\jdk-23\bin\msvcp140.dll
0x00007ffdfd630000 - 0x00007ffdfe380000 	C:\Program Files\Java\jdk-23\bin\server\jvm.dll
0x00007fff18cd0000 - 0x00007fff18d81000 	C:\WINDOWS\System32\ADVAPI32.dll
0x00007fff19150000 - 0x00007fff191f7000 	C:\WINDOWS\System32\sechost.dll
0x00007fff17650000 - 0x00007fff17678000 	C:\WINDOWS\System32\bcrypt.dll
0x00007fff19620000 - 0x00007fff19734000 	C:\WINDOWS\System32\RPCRT4.dll
0x00007fff19590000 - 0x00007fff19601000 	C:\WINDOWS\System32\WS2_32.dll
0x00007fff15a20000 - 0x00007fff15a6d000 	C:\WINDOWS\SYSTEM32\POWRPROF.dll
0x00007fff0e0b0000 - 0x00007fff0e0ba000 	C:\WINDOWS\SYSTEM32\VERSION.dll
0x00007fff10210000 - 0x00007fff10244000 	C:\WINDOWS\SYSTEM32\WINMM.dll
0x00007fff15a00000 - 0x00007fff15a13000 	C:\WINDOWS\SYSTEM32\UMPDC.dll
0x00007fff15cb0000 - 0x00007fff15cc8000 	C:\WINDOWS\SYSTEM32\kernel.appcore.dll
0x00007ffee71b0000 - 0x00007ffee71ba000 	C:\Program Files\Java\jdk-23\bin\jimage.dll
0x00007fff0d990000 - 0x00007fff0dbc2000 	C:\WINDOWS\SYSTEM32\DBGHELP.DLL
0x00007fff19200000 - 0x00007fff19590000 	C:\WINDOWS\System32\combase.dll
0x00007fff17910000 - 0x00007fff179e7000 	C:\WINDOWS\System32\OLEAUT32.dll
0x00007fff0d950000 - 0x00007fff0d982000 	C:\WINDOWS\SYSTEM32\dbgcore.DLL
0x00007fff17490000 - 0x00007fff1750b000 	C:\WINDOWS\System32\bcryptPrimitives.dll
0x00007ffebb440000 - 0x00007ffebb45e000 	C:\Program Files\Java\jdk-23\bin\java.dll
0x00007fff18e40000 - 0x00007fff18fe1000 	C:\WINDOWS\System32\ole32.dll
0x00007fff18200000 - 0x00007fff18a88000 	C:\WINDOWS\System32\SHELL32.dll
0x00007fff17510000 - 0x00007fff1764f000 	C:\WINDOWS\System32\wintypes.dll

dbghelp: loaded successfully - version: 4.0.5 - missing functions: none
symbol engine: initialized successfully - sym options: 0x614 - pdb path: .;C:\Program Files\Java\jdk-23\bin;C:\WINDOWS\SYSTEM32;C:\WINDOWS\WinSxS\amd64_microsoft.windows.common-controls_6595b64144ccf1df_6.0.22621.4830_none_270fe7d773858e80;C:\Program Files\Java\jdk-23\bin\server

VM Arguments:
java_command: C:\Users\mcrae\AppData\Local\Temp\surefire13451233916059317109\surefirebooter-20250316160339532_3.jar C:\Users\mcrae\AppData\Local\Temp\surefire13451233916059317109 2025-03-16T16-03-39_400-jvmRun1 surefire-20250316160339532_1tmp surefire_0-20250316160339532_2tmp
java_class_path (initial): C:\Users\mcrae\AppData\Local\Temp\surefire13451233916059317109\surefirebooter-20250316160339532_3.jar
Launcher Type: SUN_STANDARD

[Global flags]
     intx CICompilerCount                          = 12                                        {product} {ergonomic}
     uint ConcGCThreads                            = 3                                         {product} {ergonomic}
     uint G1ConcRefinementThreads                  = 13                                        {product} {ergonomic}
   size_t G1HeapRegionSize                         = 4194304                                   {product} {ergonomic}
   size_t InitialHeapSize                          = 536870912                                 {product} {ergonomic}
   size_t MarkStackSize                            = 4194304                                   {product} {ergonomic}
   size_t MarkStackSizeMax                         = 536870912                                 {product} {ergonomic}
   size_t MaxHeapSize                              = 8547991552                                {product} {ergonomic}
   size_t MinHeapDeltaBytes                        = 4194304                                   {product} {ergonomic}
   size_t MinHeapSize                              = 8388608                                   {product} {ergonomic}
    uintx NonNMethodCodeHeapSize                   = 7602176                                {pd product} {ergonomic}
    uintx NonProfiledCodeHeapSize                  = 122093568                              {pd product} {ergonomic}
    uintx ProfiledCodeHeapSize                     = 121962496                              {pd product} {ergonomic}
    uintx ReservedCodeCacheSize                    = 251658240                              {pd product} {ergonomic}
     bool SegmentedCodeCache                       = true                                      {product} {ergonomic}
   size_t SoftMaxHeapSize                          = 8547991552                             {manageable} {ergonomic}
     bool UseCompressedOops                        = true                           {product lp64_product} {ergonomic}
     bool UseG1GC                                  = true                                      {product} {ergonomic}
     bool UseLargePagesIndividualAllocation        = false                                  {pd product} {ergonomic}

Logging:
Log output configuration:
 #0: stdout all=warning uptime,level,tags foldmultilines=false
 #1: stderr all=off uptime,level,tags foldmultilines=false

Environment Variables:
PATH=C:\Program Files\WindowsApps\Microsoft.PowerShell_7.5.0.0_x64__8wekyb3d8bbwe;C:\Python313\Scripts\;C:\Python313\;C:\Program Files\Common Files\Oracle\Java\javapath;C:\Program Files\Microsoft MPI\Bin\;C:\Program Files (x86)\Razer\ChromaBroadcast\bin;C:\Program Files\Razer\ChromaBroadcast\bin;C:\Program Files (x86)\Razer Chroma SDK\bin;C:\Program Files\Razer Chroma SDK\bin;C:\WINDOWS\system32;C:\WINDOWS;C:\WINDOWS\System32\Wbem;C:\WINDOWS\System32\WindowsPowerShell\v1.0\;C:\WINDOWS\System32\OpenSSH\;C:\Program Files (x86)\NVIDIA Corporation\PhysX\Common;C:\Program Files\Microsoft SQL Server\Client SDK\ODBC\170\Tools\Binn\;C:\Program Files\Azure Data Studio\bin;C:\WINDOWS\system32\config\systemprofile\AppData\Local\Microsoft\WindowsApps;C:\Users\mcrae\AppData\Local\Programs\Python\Python310\Scripts\;C:\Users\mcrae\AppData\Local\Programs\Python\Python310\;C:\Users\mcrae\AppData\Local\Microsoft\WindowsApps;C:\Users\mcrae\AppData\Local\Programs\Microsoft VS Code\bin;C:\Users\mcrae\.dotnet\tools;C:\Program Files\dotnet\;C:\Program Files (x86)\Microsoft SQL Server\150\Tools\Binn\;C:\Program Files\Microsoft SQL Server\150\Tools\Binn\;C:\Program Files (x86)\Microsoft SQL Server\150\DTS\Binn\;C:\Program Files\Microsoft SQL Server\150\DTS\Binn\;C:\WINDOWS\system32;C:\WINDOWS;C:\WINDOWS\System32\Wbem;C:\WINDOWS\System32\WindowsPowerShell\v1.0\;C:\WINDOWS\System32\OpenSSH\;C:\Ruby31-x64;C:\Program Files\Git\cmd;C:\sqlite3;C:\Program Files\Steel Bank Common Lisp\;C:\Program Files\PuTTY\;C:\Program Files\NVIDIA Corporation\NVIDIA app\NvDLISR;C:\Program Files\Kubernetes\Minikube;;C:\minikube;C:\Program Files\nodejs\;C:\ProgramData\chocolatey\bin;C:\Program Files\Docker\Docker\resources\bin;C:\ProgramData\chocolatey\lib\maven\apache-maven-3.9.9\bin;C:\Program Files\PowerShell\7\;C:\Users\mcrae\AppData\Local\Programs\Python\Python310\Scripts\;C:\Users\mcrae\AppData\Local\Programs\Python\Python310\;C:\Users\mcrae\AppData\Local\Microsoft\WindowsApps;C:\Users\mcrae\AppData\Local\Programs\Microsoft VS Code\bin;C:\Program Files\Azure Data Studio\bin;C:\Users\mcrae\.dotnet\tools;C:\Program Files\JetBrains\IntelliJ IDEA 2022.2.1\bin;C:\Users\mcrae\AppData\Local\gitkraken\bin;C:\Users\mcrae\AppData\Local\Microsoft\WindowsApps;C:\Users\mcrae\.dotnet\tools;C:\Program Files\heroku\bin;C:\Users\mcrae\AppData\Roaming\npm;C:\Program Files\JetBrains\IntelliJ IDEA Community Edition 2024.3.2.2\bin;
USERNAME=mcrae
OS=Windows_NT
PROCESSOR_IDENTIFIER=Intel64 Family 6 Model 167 Stepping 1, GenuineIntel
TMP=C:\Users\mcrae\AppData\Local\Temp
TEMP=C:\Users\mcrae\AppData\Local\Temp




Periodic native trim disabled

---------------  S Y S T E M  ---------------

OS:
 Windows 11 , 64 bit Build 22621 (10.0.22621.4974)
OS uptime: 2 days 20:14 hours
Hyper-V role detected

CPU: total 16 (initial active 16) (8 cores per cpu, 2 threads per core) family 6 model 167 stepping 1 microcode 0x50, cx8, cmov, fxsr, ht, mmx, 3dnowpref, sse, sse2, sse3, ssse3, sse4.1, sse4.2, popcnt, lzcnt, tsc, tscinvbit, avx, avx2, aes, erms, clmul, bmi1, bmi2, adx, avx512f, avx512dq, avx512cd, avx512bw, avx512vl, sha, fma, vzeroupper, avx512_vpopcntdq, avx512_vpclmulqdq, avx512_vaes, avx512_vnni, clflush, clflushopt, avx512_vbmi2, avx512_vbmi, hv, rdtscp, rdpid, fsrm, gfni, avx512_bitalg, f16c, avx512_ifma
Processor Information for the first 16 processors :
  Max Mhz: 3600, Current Mhz: 3600, Mhz Limit: 3600

Memory: 4k page, system-wide physical 32603M (5534M free)
TotalPageFile size 130907M (AvailPageFile size 289M)
current process WorkingSet (physical memory assigned to process): 12M, peak: 12M
current process commit charge ("private bytes"): 71M, peak: 583M

vm_info: Java HotSpot(TM) 64-Bit Server VM (23.0.2+7-58) for windows-amd64 JRE (23.0.2+7-58), built on 2024-11-29T09:34:55Z with MS VC++ 17.6 (VS2022)

END.
